# JRE version: OpenJDK Runtime Environment (8.0_202-b03) (build 1.8.0_202-release-1483-b03)
# Java VM: OpenJDK 64-Bit Server VM (25.202-b03 mixed mode windows-amd64 compressed oops)
Heap:
 PSYoungGen      total 205824K, used 46163K [0x00000000e0000000, 0x00000000f3780000, 0x0000000100000000)
  eden space 163840K, 10% used [0x00000000e0000000,0x00000000e104e0c0,0x00000000ea000000)
  from space 41984K, 70% used [0x00000000edf00000,0x00000000efbc6da0,0x00000000f0800000)
  to   space 64512K, 0% used [0x00000000ea000000,0x00000000ea000000,0x00000000edf00000)
 ParOldGen       total 203264K, used 114371K [0x00000000a0000000, 0x00000000ac680000, 0x00000000e0000000)
  object space 203264K, 56% used [0x00000000a0000000,0x00000000a6fb0df0,0x00000000ac680000)
 Metaspace       used 76425K, capacity 78660K, committed 78936K, reserved 1118208K
  class space    used 9772K, capacity 10349K, committed 10368K, reserved 1048576K
GC Heap History (10 events):
Event: 1074.159 GC heap before
{Heap before GC invocations=20 (full 3):
 PSYoungGen      total 161280K, used 160953K [0x00000000e0000000, 0x00000000eba80000, 0x0000000100000000)
  eden space 147456K, 100% used [0x00000000e0000000,0x00000000e9000000,0x00000000e9000000)
  from space 13824K, 97% used [0x00000000ead00000,0x00000000eba2e440,0x00000000eba80000)
  to   space 20480K, 0% used [0x00000000e9280000,0x00000000e9280000,0x00000000ea680000)
 ParOldGen       total 91136K, used 35111K [0x00000000a0000000, 0x00000000a5900000, 0x00000000e0000000)
  object space 91136K, 38% used [0x00000000a0000000,0x00000000a2249f00,0x00000000a5900000)
 Metaspace       used 68402K, capacity 70610K, committed 70744K, reserved 1110016K
  class space    used 8953K, capacity 9476K, committed 9600K, reserved 1048576K
Event: 1074.261 GC heap after
Heap after GC invocations=20 (full 3):
 PSYoungGen      total 170496K, used 19935K [0x00000000e0000000, 0x00000000ed280000, 0x0000000100000000)
  eden space 150016K, 0% used [0x00000000e0000000,0x00000000e0000000,0x00000000e9280000)
  from space 20480K, 97% used [0x00000000e9280000,0x00000000ea5f7f78,0x00000000ea680000)
  to   space 23552K, 0% used [0x00000000ebb80000,0x00000000ebb80000,0x00000000ed280000)
 ParOldGen       total 91136K, used 35119K [0x00000000a0000000, 0x00000000a5900000, 0x00000000e0000000)
  object space 91136K, 38% used [0x00000000a0000000,0x00000000a224bf00,0x00000000a5900000)
 Metaspace       used 68402K, capacity 70610K, committed 70744K, reserved 1110016K
  class space    used 8953K, capacity 9476K, committed 9600K, reserved 1048576K
}
Event: 1091.907 GC heap before
{Heap before GC invocations=21 (full 3):
 PSYoungGen      total 170496K, used 169951K [0x00000000e0000000, 0x00000000ed280000, 0x0000000100000000)
  eden space 150016K, 100% used [0x00000000e0000000,0x00000000e9280000,0x00000000e9280000)
  from space 20480K, 97% used [0x00000000e9280000,0x00000000ea5f7f78,0x00000000ea680000)
  to   space 23552K, 0% used [0x00000000ebb80000,0x00000000ebb80000,0x00000000ed280000)
 ParOldGen       total 91136K, used 35119K [0x00000000a0000000, 0x00000000a5900000, 0x00000000e0000000)
  object space 91136K, 38% used [0x00000000a0000000,0x00000000a224bf00,0x00000000a5900000)
 Metaspace       used 73715K, capacity 75934K, committed 75992K, reserved 1116160K
  class space    used 9589K, capacity 10188K, committed 10240K, reserved 1048576K
Event: 1092.173 GC heap after
Heap after GC invocations=21 (full 3):
 PSYoungGen      total 179200K, used 23522K [0x00000000e0000000, 0x00000000eef00000, 0x0000000100000000)
  eden space 155648K, 0% used [0x00000000e0000000,0x00000000e0000000,0x00000000e9800000)
  from space 23552K, 99% used [0x00000000ebb80000,0x00000000ed278828,0x00000000ed280000)
  to   space 36352K, 0% used [0x00000000e9800000,0x00000000e9800000,0x00000000ebb80000)
 ParOldGen       total 91136K, used 59756K [0x00000000a0000000, 0x00000000a5900000, 0x00000000e0000000)
  object space 91136K, 65% used [0x00000000a0000000,0x00000000a3a5b398,0x00000000a5900000)
 Metaspace       used 73715K, capacity 75934K, committed 75992K, reserved 1116160K
  class space    used 9589K, capacity 10188K, committed 10240K, reserved 1048576K
}
Event: 1099.377 GC heap before
{Heap before GC invocations=22 (full 3):
 PSYoungGen      total 179200K, used 179170K [0x00000000e0000000, 0x00000000eef00000, 0x0000000100000000)
  eden space 155648K, 100% used [0x00000000e0000000,0x00000000e9800000,0x00000000e9800000)
  from space 23552K, 99% used [0x00000000ebb80000,0x00000000ed278828,0x00000000ed280000)
  to   space 36352K, 0% used [0x00000000e9800000,0x00000000e9800000,0x00000000ebb80000)
 ParOldGen       total 91136K, used 59756K [0x00000000a0000000, 0x00000000a5900000, 0x00000000e0000000)
  object space 91136K, 65% used [0x00000000a0000000,0x00000000a3a5b398,0x00000000a5900000)
 Metaspace       used 75093K, capacity 77322K, committed 77656K, reserved 1116160K
  class space    used 9700K, capacity 10286K, committed 10368K, reserved 1048576K
Event: 1099.755 GC heap after
Heap after GC invocations=22 (full 3):
 PSYoungGen      total 192000K, used 35273K [0x00000000e0000000, 0x00000000f0800000, 0x0000000100000000)
  eden space 155648K, 0% used [0x00000000e0000000,0x00000000e0000000,0x00000000e9800000)
  from space 36352K, 97% used [0x00000000e9800000,0x00000000eba726b0,0x00000000ebb80000)
  to   space 41984K, 0% used [0x00000000edf00000,0x00000000edf00000,0x00000000f0800000)
 ParOldGen       total 91136K, used 72374K [0x00000000a0000000, 0x00000000a5900000, 0x00000000e0000000)
  object space 91136K, 79% used [0x00000000a0000000,0x00000000a46ad9e8,0x00000000a5900000)
 Metaspace       used 75093K, capacity 77322K, committed 77656K, reserved 1116160K
  class space    used 9700K, capacity 10286K, committed 10368K, reserved 1048576K
}
Event: 1107.823 GC heap before
{Heap before GC invocations=23 (full 3):
 PSYoungGen      total 192000K, used 190921K [0x00000000e0000000, 0x00000000f0800000, 0x0000000100000000)
  eden space 155648K, 100% used [0x00000000e0000000,0x00000000e9800000,0x00000000e9800000)
  from space 36352K, 97% used [0x00000000e9800000,0x00000000eba726b0,0x00000000ebb80000)
  to   space 41984K, 0% used [0x00000000edf00000,0x00000000edf00000,0x00000000f0800000)
 ParOldGen       total 91136K, used 72374K [0x00000000a0000000, 0x00000000a5900000, 0x00000000e0000000)
  object space 91136K, 79% used [0x00000000a0000000,0x00000000a46ad9e8,0x00000000a5900000)
 Metaspace       used 76300K, capacity 78538K, committed 78680K, reserved 1118208K
  class space    used 9773K, capacity 10350K, committed 10368K, reserved 1048576K
Event: 1108.218 GC heap after
Heap after GC invocations=23 (full 3):
 PSYoungGen      total 205824K, used 41964K [0x00000000e0000000, 0x00000000f3780000, 0x0000000100000000)
  eden space 163840K, 0% used [0x00000000e0000000,0x00000000e0000000,0x00000000ea000000)
  from space 41984K, 99% used [0x00000000edf00000,0x00000000f07fb100,0x00000000f0800000)
  to   space 64512K, 0% used [0x00000000ea000000,0x00000000ea000000,0x00000000edf00000)
 ParOldGen       total 114688K, used 113837K [0x00000000a0000000, 0x00000000a7000000, 0x00000000e0000000)
  object space 114688K, 99% used [0x00000000a0000000,0x00000000a6f2b7e8,0x00000000a7000000)
 Metaspace       used 76300K, capacity 78538K, committed 78680K, reserved 1118208K
  class space    used 9773K, capacity 10350K, committed 10368K, reserved 1048576K
}
Event: 1108.218 GC heap before
{Heap before GC invocations=24 (full 4):
 PSYoungGen      total 205824K, used 41964K [0x00000000e0000000, 0x00000000f3780000, 0x0000000100000000)
  eden space 163840K, 0% used [0x00000000e0000000,0x00000000e0000000,0x00000000ea000000)
  from space 41984K, 99% used [0x00000000edf00000,0x00000000f07fb100,0x00000000f0800000)
  to   space 64512K, 0% used [0x00000000ea000000,0x00000000ea000000,0x00000000edf00000)
 ParOldGen       total 114688K, used 113837K [0x00000000a0000000, 0x00000000a7000000, 0x00000000e0000000)
  object space 114688K, 99% used [0x00000000a0000000,0x00000000a6f2b7e8,0x00000000a7000000)
 Metaspace       used 76300K, capacity 78538K, committed 78680K, reserved 1118208K
  class space    used 9773K, capacity 10350K, committed 10368K, reserved 1048576K
Event: 1111.205 GC heap after
Heap after GC invocations=24 (full 4):
 PSYoungGen      total 205824K, used 29467K [0x00000000e0000000, 0x00000000f3780000, 0x0000000100000000)
  eden space 163840K, 0% used [0x00000000e0000000,0x00000000e0000000,0x00000000ea000000)
  from space 41984K, 70% used [0x00000000edf00000,0x00000000efbc6da0,0x00000000f0800000)
  to   space 64512K, 0% used [0x00000000ea000000,0x00000000ea000000,0x00000000edf00000)
 ParOldGen       total 203264K, used 114371K [0x00000000a0000000, 0x00000000ac680000, 0x00000000e0000000)
  object space 203264K, 56% used [0x00000000a0000000,0x00000000a6fb0df0,0x00000000ac680000)
 Metaspace       used 76298K, capacity 78532K, committed 78680K, reserved 1118208K
  class space    used 9772K, capacity 10349K, committed 10368K, reserved 1048576K
}

